# JRE version: Java(TM) SE Runtime Environment (8.0_101-b13) (build 1.8.0_101-b13)
# Java VM: Java HotSpot(TM) 64-Bit Server VM (25.101-b13 mixed mode linux-amd64 compressed oops)
Heap:
 PSYoungGen      total 215552K, used 0K [0x00000000eab00000, 0x0000000100000000, 0x0000000100000000)
  eden space 116736K, 0% used [0x00000000eab00000,0x00000000eab00000,0x00000000f1d00000)
  from space 98816K, 0% used [0x00000000f9f80000,0x00000000f9f80000,0x0000000100000000)
  to   space 116224K, 0% used [0x00000000f1d00000,0x00000000f1d00000,0x00000000f8e80000)
 ParOldGen       total 297984K, used 205853K [0x00000000c0000000, 0x00000000d2300000, 0x00000000eab00000)
  object space 297984K, 69% used [0x00000000c0000000,0x00000000cc9076e0,0x00000000d2300000)
 Metaspace       used 6428K, capacity 7192K, committed 7424K, reserved 1056768K
  class space    used 610K, capacity 656K, committed 768K, reserved 1048576K
GC Heap History (10 events):
Event: 20.153 GC heap after
Heap after GC invocations=8 (full 1):
 PSYoungGen      total 271872K, used 45549K [0x00000000eab00000, 0x0000000100000000, 0x0000000100000000)
  eden space 226304K, 0% used [0x00000000eab00000,0x00000000eab00000,0x00000000f8800000)
  from space 45568K, 99% used [0x00000000f8800000,0x00000000fb47b5c8,0x00000000fb480000)
  to   space 77312K, 0% used [0x00000000fb480000,0x00000000fb480000,0x0000000100000000)
 ParOldGen       total 161280K, used 145757K [0x00000000c0000000, 0x00000000c9d80000, 0x00000000eab00000)
  object space 161280K, 90% used [0x00000000c0000000,0x00000000c8e57500,0x00000000c9d80000)
 Metaspace       used 6384K, capacity 7192K, committed 7424K, reserved 1056768K
  class space    used 610K, capacity 656K, committed 768K, reserved 1048576K
}
Event: 20.153 GC heap before
{Heap before GC invocations=9 (full 2):
 PSYoungGen      total 271872K, used 45549K [0x00000000eab00000, 0x0000000100000000, 0x0000000100000000)
  eden space 226304K, 0% used [0x00000000eab00000,0x00000000eab00000,0x00000000f8800000)
  from space 45568K, 99% used [0x00000000f8800000,0x00000000fb47b5c8,0x00000000fb480000)
  to   space 77312K, 0% used [0x00000000fb480000,0x00000000fb480000,0x0000000100000000)
 ParOldGen       total 161280K, used 145757K [0x00000000c0000000, 0x00000000c9d80000, 0x00000000eab00000)
  object space 161280K, 90% used [0x00000000c0000000,0x00000000c8e57500,0x00000000c9d80000)
 Metaspace       used 6384K, capacity 7192K, committed 7424K, reserved 1056768K
  class space    used 610K, capacity 656K, committed 768K, reserved 1048576K
Event: 22.256 GC heap after
Heap after GC invocations=9 (full 2):
 PSYoungGen      total 271872K, used 19130K [0x00000000eab00000, 0x0000000100000000, 0x0000000100000000)
  eden space 226304K, 0% used [0x00000000eab00000,0x00000000eab00000,0x00000000f8800000)
  from space 45568K, 41% used [0x00000000f8800000,0x00000000f9aaebc8,0x00000000fb480000)
  to   space 77312K, 0% used [0x00000000fb480000,0x00000000fb480000,0x0000000100000000)
 ParOldGen       total 297984K, used 161054K [0x00000000c0000000, 0x00000000d2300000, 0x00000000eab00000)
  object space 297984K, 54% used [0x00000000c0000000,0x00000000c9d47940,0x00000000d2300000)
 Metaspace       used 6384K, capacity 7192K, committed 7424K, reserved 1056768K
  class space    used 610K, capacity 656K, committed 768K, reserved 1048576K
}
Event: 24.188 GC heap before
{Heap before GC invocations=10 (full 2):
 PSYoungGen      total 271872K, used 245434K [0x00000000eab00000, 0x0000000100000000, 0x0000000100000000)
  eden space 226304K, 100% used [0x00000000eab00000,0x00000000f8800000,0x00000000f8800000)
  from space 45568K, 41% used [0x00000000f8800000,0x00000000f9aaebc8,0x00000000fb480000)
  to   space 77312K, 0% used [0x00000000fb480000,0x00000000fb480000,0x0000000100000000)
 ParOldGen       total 297984K, used 161054K [0x00000000c0000000, 0x00000000d2300000, 0x00000000eab00000)
  object space 297984K, 54% used [0x00000000c0000000,0x00000000c9d47940,0x00000000d2300000)
 Metaspace       used 6404K, capacity 7192K, committed 7424K, reserved 1056768K
  class space    used 610K, capacity 656K, committed 768K, reserved 1048576K
Event: 24.965 GC heap after
Heap after GC invocations=10 (full 2):
 PSYoungGen      total 228864K, used 74479K [0x00000000eab00000, 0x0000000100000000, 0x0000000100000000)
  eden space 151552K, 0% used [0x00000000eab00000,0x00000000eab00000,0x00000000f3f00000)
  from space 77312K, 96% used [0x00000000fb480000,0x00000000ffd3bd00,0x0000000100000000)
  to   space 98816K, 0% used [0x00000000f3f00000,0x00000000f3f00000,0x00000000f9f80000)
 ParOldGen       total 297984K, used 161062K [0x00000000c0000000, 0x00000000d2300000, 0x00000000eab00000)
  object space 297984K, 54% used [0x00000000c0000000,0x00000000c9d49940,0x00000000d2300000)
 Metaspace       used 6404K, capacity 7192K, committed 7424K, reserved 1056768K
  class space    used 610K, capacity 656K, committed 768K, reserved 1048576K
}
Event: 29.526 GC heap before
{Heap before GC invocations=11 (full 2):
 PSYoungGen      total 228864K, used 226031K [0x00000000eab00000, 0x0000000100000000, 0x0000000100000000)
  eden space 151552K, 100% used [0x00000000eab00000,0x00000000f3f00000,0x00000000f3f00000)
  from space 77312K, 96% used [0x00000000fb480000,0x00000000ffd3bd00,0x0000000100000000)
  to   space 98816K, 0% used [0x00000000f3f00000,0x00000000f3f00000,0x00000000f9f80000)
 ParOldGen       total 297984K, used 161062K [0x00000000c0000000, 0x00000000d2300000, 0x00000000eab00000)
  object space 297984K, 54% used [0x00000000c0000000,0x00000000c9d49940,0x00000000d2300000)
 Metaspace       used 6428K, capacity 7192K, committed 7424K, reserved 1056768K
  class space    used 610K, capacity 656K, committed 768K, reserved 1048576K
Event: 30.314 GC heap after
Heap after GC invocations=11 (full 2):
 PSYoungGen      total 250368K, used 98796K [0x00000000eab00000, 0x0000000100000000, 0x0000000100000000)
  eden space 151552K, 0% used [0x00000000eab00000,0x00000000eab00000,0x00000000f3f00000)
  from space 98816K, 99% used [0x00000000f3f00000,0x00000000f9f7b060,0x00000000f9f80000)
  to   space 98816K, 0% used [0x00000000f9f80000,0x00000000f9f80000,0x0000000100000000)
 ParOldGen       total 297984K, used 194195K [0x00000000c0000000, 0x00000000d2300000, 0x00000000eab00000)
  object space 297984K, 65% used [0x00000000c0000000,0x00000000cbda4ed0,0x00000000d2300000)
 Metaspace       used 6428K, capacity 7192K, committed 7424K, reserved 1056768K
  class space    used 610K, capacity 656K, committed 768K, reserved 1048576K
}
Event: 30.664 GC heap before
{Heap before GC invocations=12 (full 2):
 PSYoungGen      total 250368K, used 250348K [0x00000000eab00000, 0x0000000100000000, 0x0000000100000000)
  eden space 151552K, 100% used [0x00000000eab00000,0x00000000f3f00000,0x00000000f3f00000)
  from space 98816K, 99% used [0x00000000f3f00000,0x00000000f9f7b060,0x00000000f9f80000)
  to   space 98816K, 0% used [0x00000000f9f80000,0x00000000f9f80000,0x0000000100000000)
 ParOldGen       total 297984K, used 194195K [0x00000000c0000000, 0x00000000d2300000, 0x00000000eab00000)
  object space 297984K, 65% used [0x00000000c0000000,0x00000000cbda4ed0,0x00000000d2300000)
 Metaspace       used 6428K, capacity 7192K, committed 7424K, reserved 1056768K
  class space    used 610K, capacity 656K, committed 768K, reserved 1048576K
Event: 31.555 GC heap after
Heap after GC invocations=12 (full 2):
 PSYoungGen      total 215552K, used 98801K [0x00000000eab00000, 0x0000000100000000, 0x0000000100000000)
  eden space 116736K, 0% used [0x00000000eab00000,0x00000000eab00000,0x00000000f1d00000)
  from space 98816K, 99% used [0x00000000f9f80000,0x00000000ffffc768,0x0000000100000000)
  to   space 116224K, 0% used [0x00000000f1d00000,0x00000000f1d00000,0x00000000f8e80000)
 ParOldGen       total 297984K, used 279672K [0x00000000c0000000, 0x00000000d2300000, 0x00000000eab00000)
  object space 297984K, 93% used [0x00000000c0000000,0x00000000d111e340,0x00000000d2300000)
 Metaspace       used 6428K, capacity 7192K, committed 7424K, reserved 1056768K
  class space    used 610K, capacity 656K, committed 768K, reserved 1048576K
}
Event: 31.555 GC heap before
{Heap before GC invocations=13 (full 3):
 PSYoungGen      total 215552K, used 98801K [0x00000000eab00000, 0x0000000100000000, 0x0000000100000000)
  eden space 116736K, 0% used [0x00000000eab00000,0x00000000eab00000,0x00000000f1d00000)
  from space 98816K, 99% used [0x00000000f9f80000,0x00000000ffffc768,0x0000000100000000)
  to   space 116224K, 0% used [0x00000000f1d00000,0x00000000f1d00000,0x00000000f8e80000)
 ParOldGen       total 297984K, used 279672K [0x00000000c0000000, 0x00000000d2300000, 0x00000000eab00000)
  object space 297984K, 93% used [0x00000000c0000000,0x00000000d111e340,0x00000000d2300000)
 Metaspace       used 6428K, capacity 7192K, committed 7424K, reserved 1056768K
  class space    used 610K, capacity 656K, committed 768K, reserved 1048576K

